2021-06-07 10:36:20,004 [Worker-1: Loading available Gradle versions] INFO  o.e.b.c.i.u.g.PublishedGradleVersions - Gradle version information cache is not available. Remote download required.
2021-06-08 08:48:18,909 [Worker-2: Loading available Gradle versions] INFO  o.e.b.c.i.u.g.PublishedGradleVersions - Gradle version information cache is up-to-date. Trying to read.
2021-06-09 08:58:34,995 [Worker-1: Loading available Gradle versions] INFO  o.e.b.c.i.u.g.PublishedGradleVersions - Gradle version information cache is out-of-date. Trying to update.
2021-06-10 08:46:54,364 [Worker-0: Loading available Gradle versions] INFO  o.e.b.c.i.u.g.PublishedGradleVersions - Gradle version information cache is up-to-date. Trying to read.
2021-06-11 08:44:18,540 [Worker-4: Loading available Gradle versions] INFO  o.e.b.c.i.u.g.PublishedGradleVersions - Gradle version information cache is out-of-date. Trying to update.
2021-06-11 08:53:00,168 [Worker-5: Creating project "hello-maven"] INFO  o.e.m.c.i.l.LifecycleMappingFactory - Using org.eclipse.m2e.jdt.JarLifecycleMapping lifecycle mapping for MavenProject: com.skillstorm:hello-maven:1.2.3-RELEASE @ C:\Skillstorm\in-class-examples\hello-maven\pom.xml.
2021-06-11 08:53:01,426 [Worker-5: Creating project "hello-maven"] INFO  o.e.m.j.i.AbstractJavaProjectConfigurator - Adding source folder /hello-maven/src/main/java
2021-06-11 08:53:01,431 [Worker-5: Creating project "hello-maven"] INFO  o.e.m.j.i.AbstractJavaProjectConfigurator - Adding resource folder /hello-maven/src/main/resources
2021-06-11 08:53:01,433 [Worker-5: Creating project "hello-maven"] INFO  o.e.m.j.i.AbstractJavaProjectConfigurator - Adding source folder /hello-maven/src/test/java
2021-06-11 08:53:01,433 [Worker-5: Creating project "hello-maven"] INFO  o.e.m.j.i.AbstractJavaProjectConfigurator - Adding resource folder /hello-maven/src/test/resources
2021-06-11 08:53:02,932 [Worker-5: Building] WARN  o.e.m.c.i.embedder.EclipseLogger - Using platform encoding (Cp1252 actually) to copy filtered resources, i.e. build is platform dependent!
2021-06-11 08:53:02,942 [Worker-5: Building] INFO  o.e.m.c.i.embedder.EclipseLogger - Copying 0 resource
2021-06-11 08:53:02,950 [Worker-5: Building] WARN  o.e.m.c.i.embedder.EclipseLogger - Using platform encoding (Cp1252 actually) to copy filtered resources, i.e. build is platform dependent!
2021-06-11 08:53:02,952 [Worker-5: Building] INFO  o.e.m.c.i.embedder.EclipseLogger - Copying 0 resource
2021-06-11 08:54:05,866 [Worker-5: Building] WARN  o.e.m.c.i.embedder.EclipseLogger - Using platform encoding (Cp1252 actually) to copy filtered resources, i.e. build is platform dependent!
2021-06-11 08:54:05,872 [Worker-5: Building] INFO  o.e.m.c.i.embedder.EclipseLogger - Copying 0 resource
2021-06-11 08:54:05,875 [Worker-5: Building] WARN  o.e.m.c.i.embedder.EclipseLogger - Using platform encoding (Cp1252 actually) to copy filtered resources, i.e. build is platform dependent!
2021-06-11 08:54:05,887 [Worker-5: Building] INFO  o.e.m.c.i.embedder.EclipseLogger - Copying 0 resource
2021-06-11 08:54:20,457 [Worker-9: Building] WARN  o.e.m.c.i.embedder.EclipseLogger - Using platform encoding (Cp1252 actually) to copy filtered resources, i.e. build is platform dependent!
2021-06-11 08:54:20,458 [Worker-9: Building] INFO  o.e.m.c.i.embedder.EclipseLogger - Copying 0 resource
2021-06-11 08:54:20,460 [Worker-9: Building] WARN  o.e.m.c.i.embedder.EclipseLogger - Using platform encoding (Cp1252 actually) to copy filtered resources, i.e. build is platform dependent!
2021-06-11 08:54:20,461 [Worker-9: Building] INFO  o.e.m.c.i.embedder.EclipseLogger - Copying 0 resource
2021-06-11 08:54:55,133 [main] INFO  o.e.m2e.actions.ExecutePomAction - Creating new launch configuration
2021-06-11 08:56:01,851 [main] INFO  o.e.m2e.actions.ExecutePomAction - Using existing launch configuration
2021-06-11 08:58:12,018 [main] INFO  o.e.m2e.actions.ExecutePomAction - Using existing launch configuration
2021-06-11 08:58:30,465 [Worker-9: Launching hello-maven] INFO  o.e.m.i.launch.MavenLaunchDelegate - C:\Skillstorm\in-class-examples\hello-maven
2021-06-11 08:58:30,469 [Worker-9: Launching hello-maven] INFO  o.e.m.i.launch.MavenLaunchDelegate -  mvn -B package -Dstyle.color=always
2021-06-11 08:59:36,140 [Worker-10: Building] WARN  o.e.m.c.i.embedder.EclipseLogger - Using platform encoding (Cp1252 actually) to copy filtered resources, i.e. build is platform dependent!
2021-06-11 08:59:36,142 [Worker-10: Building] INFO  o.e.m.c.i.embedder.EclipseLogger - Copying 0 resource
2021-06-11 08:59:36,146 [Worker-10: Building] WARN  o.e.m.c.i.embedder.EclipseLogger - Using platform encoding (Cp1252 actually) to copy filtered resources, i.e. build is platform dependent!
2021-06-11 08:59:36,150 [Worker-10: Building] INFO  o.e.m.c.i.embedder.EclipseLogger - Copying 0 resource
2021-06-11 09:00:43,109 [main] INFO  o.e.m2e.actions.ExecutePomAction - Using existing launch configuration
2021-06-11 09:00:43,327 [Worker-9: Launching hello-maven] INFO  o.e.m.i.launch.MavenLaunchDelegate - C:\Skillstorm\in-class-examples\hello-maven
2021-06-11 09:00:43,327 [Worker-9: Launching hello-maven] INFO  o.e.m.i.launch.MavenLaunchDelegate -  mvn -B package -Dstyle.color=always
2021-06-11 09:01:10,665 [Worker-11: Building] WARN  o.e.m.c.i.embedder.EclipseLogger - Using platform encoding (Cp1252 actually) to copy filtered resources, i.e. build is platform dependent!
2021-06-11 09:01:10,666 [Worker-11: Building] INFO  o.e.m.c.i.embedder.EclipseLogger - Copying 0 resource
2021-06-11 09:01:10,667 [Worker-11: Building] WARN  o.e.m.c.i.embedder.EclipseLogger - Using platform encoding (Cp1252 actually) to copy filtered resources, i.e. build is platform dependent!
2021-06-11 09:01:10,670 [Worker-11: Building] INFO  o.e.m.c.i.embedder.EclipseLogger - Copying 0 resource
2021-06-11 09:03:19,657 [Worker-12: Building] INFO  o.e.m.c.i.l.LifecycleMappingFactory - Using org.eclipse.m2e.jdt.JarLifecycleMapping lifecycle mapping for MavenProject: com.skillstorm:hello-maven:1.2.3-RELEASE @ C:\Skillstorm\in-class-examples\hello-maven\pom.xml.
2021-06-11 09:03:20,089 [Worker-12: Building] WARN  o.e.m.c.i.embedder.EclipseLogger - Using platform encoding (Cp1252 actually) to copy filtered resources, i.e. build is platform dependent!
2021-06-11 09:03:20,093 [Worker-12: Building] INFO  o.e.m.c.i.embedder.EclipseLogger - Copying 0 resource
2021-06-11 09:03:20,096 [Worker-12: Building] WARN  o.e.m.c.i.embedder.EclipseLogger - Using platform encoding (Cp1252 actually) to copy filtered resources, i.e. build is platform dependent!
2021-06-11 09:03:20,098 [Worker-12: Building] INFO  o.e.m.c.i.embedder.EclipseLogger - Copying 0 resource
2021-06-11 09:03:38,640 [Worker-13: Building] INFO  o.e.m.c.i.l.LifecycleMappingFactory - Using org.eclipse.m2e.jdt.JarLifecycleMapping lifecycle mapping for MavenProject: com.skillstorm:hello-maven:1.2.3-RELEASE @ C:\Skillstorm\in-class-examples\hello-maven\pom.xml.
2021-06-11 09:03:38,929 [Worker-13: Building] WARN  o.e.m.c.i.embedder.EclipseLogger - Using platform encoding (Cp1252 actually) to copy filtered resources, i.e. build is platform dependent!
2021-06-11 09:03:38,933 [Worker-13: Building] INFO  o.e.m.c.i.embedder.EclipseLogger - Copying 0 resource
2021-06-11 09:03:38,935 [Worker-13: Building] WARN  o.e.m.c.i.embedder.EclipseLogger - Using platform encoding (Cp1252 actually) to copy filtered resources, i.e. build is platform dependent!
2021-06-11 09:03:38,937 [Worker-13: Building] INFO  o.e.m.c.i.embedder.EclipseLogger - Copying 0 resource
2021-06-11 09:03:49,916 [Worker-12: Building] INFO  o.e.m.c.i.l.LifecycleMappingFactory - Using org.eclipse.m2e.jdt.JarLifecycleMapping lifecycle mapping for MavenProject: com.skillstorm:hello-maven:1.2.3-RELEASE @ C:\Skillstorm\in-class-examples\hello-maven\pom.xml.
2021-06-11 09:03:50,127 [Worker-12: Building] WARN  o.e.m.c.i.embedder.EclipseLogger - Using platform encoding (Cp1252 actually) to copy filtered resources, i.e. build is platform dependent!
2021-06-11 09:03:50,130 [Worker-12: Building] INFO  o.e.m.c.i.embedder.EclipseLogger - Copying 0 resource
2021-06-11 09:03:50,135 [Worker-12: Building] WARN  o.e.m.c.i.embedder.EclipseLogger - Using platform encoding (Cp1252 actually) to copy filtered resources, i.e. build is platform dependent!
2021-06-11 09:03:50,136 [Worker-12: Building] INFO  o.e.m.c.i.embedder.EclipseLogger - Copying 0 resource
2021-06-11 09:04:31,121 [main] INFO  o.e.m2e.actions.ExecutePomAction - Using existing launch configuration
2021-06-11 09:04:31,322 [Worker-13: Launching hello-maven] INFO  o.e.m.i.launch.MavenLaunchDelegate - C:\Skillstorm\in-class-examples\hello-maven
2021-06-11 09:04:31,322 [Worker-13: Launching hello-maven] INFO  o.e.m.i.launch.MavenLaunchDelegate -  mvn -B package -Dstyle.color=always
2021-06-11 09:06:30,600 [Worker-15: Building] INFO  o.e.m.c.i.l.LifecycleMappingFactory - Using org.eclipse.m2e.jdt.JarLifecycleMapping lifecycle mapping for MavenProject: com.skillstorm:hello-maven:1.2.3-RELEASE @ C:\Skillstorm\in-class-examples\hello-maven\pom.xml.
2021-06-11 09:06:30,788 [Worker-15: Building] WARN  o.e.m.c.i.embedder.EclipseLogger - Using platform encoding (Cp1252 actually) to copy filtered resources, i.e. build is platform dependent!
2021-06-11 09:06:30,791 [Worker-15: Building] INFO  o.e.m.c.i.embedder.EclipseLogger - Copying 0 resource
2021-06-11 09:06:30,794 [Worker-15: Building] WARN  o.e.m.c.i.embedder.EclipseLogger - Using platform encoding (Cp1252 actually) to copy filtered resources, i.e. build is platform dependent!
2021-06-11 09:06:30,795 [Worker-15: Building] INFO  o.e.m.c.i.embedder.EclipseLogger - Copying 0 resource
2021-06-11 09:06:48,350 [Worker-18: Building] INFO  o.e.m.c.i.l.LifecycleMappingFactory - Using org.eclipse.m2e.jdt.JarLifecycleMapping lifecycle mapping for MavenProject: com.skillstorm:hello-maven:1.2.3-RELEASE @ C:\Skillstorm\in-class-examples\hello-maven\pom.xml.
2021-06-11 09:06:48,654 [Worker-18: Building] WARN  o.e.m.c.i.embedder.EclipseLogger - Using platform encoding (Cp1252 actually) to copy filtered resources, i.e. build is platform dependent!
2021-06-11 09:06:48,658 [Worker-18: Building] INFO  o.e.m.c.i.embedder.EclipseLogger - Copying 0 resource
2021-06-11 09:06:48,661 [Worker-18: Building] WARN  o.e.m.c.i.embedder.EclipseLogger - Using platform encoding (Cp1252 actually) to copy filtered resources, i.e. build is platform dependent!
2021-06-11 09:06:48,662 [Worker-18: Building] INFO  o.e.m.c.i.embedder.EclipseLogger - Copying 0 resource
2021-06-11 09:07:10,015 [Worker-13: Building] WARN  o.e.m.c.i.embedder.EclipseLogger - Using platform encoding (Cp1252 actually) to copy filtered resources, i.e. build is platform dependent!
2021-06-11 09:07:10,019 [Worker-13: Building] INFO  o.e.m.c.i.embedder.EclipseLogger - Copying 0 resource
2021-06-11 09:07:10,022 [Worker-13: Building] WARN  o.e.m.c.i.embedder.EclipseLogger - Using platform encoding (Cp1252 actually) to copy filtered resources, i.e. build is platform dependent!
2021-06-11 09:07:10,023 [Worker-13: Building] INFO  o.e.m.c.i.embedder.EclipseLogger - Copying 0 resource
2021-06-11 09:07:49,489 [main] INFO  o.e.m2e.actions.ExecutePomAction - Using existing launch configuration
2021-06-11 09:07:49,707 [Worker-17: Launching hello-maven] INFO  o.e.m.i.launch.MavenLaunchDelegate - C:\Skillstorm\in-class-examples\hello-maven
2021-06-11 09:07:49,708 [Worker-17: Launching hello-maven] INFO  o.e.m.i.launch.MavenLaunchDelegate -  mvn -B package -Dstyle.color=always
2021-06-11 09:08:48,531 [main] INFO  o.e.m2e.actions.ExecutePomAction - Creating new launch configuration
2021-06-11 09:09:26,942 [Worker-17: Launching hello-maven] INFO  o.e.m.i.launch.MavenLaunchDelegate - C:\Skillstorm\in-class-examples\hello-maven
